# JRE version: Java(TM) SE Runtime Environment (8.0_71-b15) (build 1.8.0_71-b15)
# Java VM: Java HotSpot(TM) 64-Bit Server VM (25.71-b15 mixed mode windows-amd64 compressed oops)
Heap:
 PSYoungGen      total 675840K, used 125030K [0x00000000d6580000, 0x0000000100000000, 0x0000000100000000)
  eden space 669184K, 18% used [0x00000000d6580000,0x00000000ddb21860,0x00000000ff300000)
  from space 6656K, 68% used [0x00000000ff300000,0x00000000ff778000,0x00000000ff980000)
  to   space 6656K, 0% used [0x00000000ff980000,0x00000000ff980000,0x0000000100000000)
 ParOldGen       total 134144K, used 127836K [0x0000000083000000, 0x000000008b300000, 0x00000000d6580000)
  object space 134144K, 95% used [0x0000000083000000,0x000000008acd70a0,0x000000008b300000)
 Metaspace       used 19833K, capacity 22013K, committed 22144K, reserved 1067008K
  class space    used 4377K, capacity 5170K, committed 5248K, reserved 1048576K
GC Heap History (10 events):
Event: 519.101 GC heap before
{Heap before GC invocations=119 (full 4):
 PSYoungGen      total 677888K, used 675808K [0x00000000d6580000, 0x0000000100000000, 0x0000000100000000)
  eden space 673280K, 100% used [0x00000000d6580000,0x00000000ff700000,0x00000000ff700000)
  from space 4608K, 54% used [0x00000000ffb80000,0x00000000ffdf8000,0x0000000100000000)
  to   space 4608K, 0% used [0x00000000ff700000,0x00000000ff700000,0x00000000ffb80000)
 ParOldGen       total 134144K, used 124980K [0x0000000083000000, 0x000000008b300000, 0x00000000d6580000)
  object space 134144K, 93% used [0x0000000083000000,0x000000008aa0d0a0,0x000000008b300000)
 Metaspace       used 19829K, capacity 22009K, committed 22144K, reserved 1067008K
  class space    used 4377K, capacity 5170K, committed 5248K, reserved 1048576K
Event: 519.130 GC heap after
Heap after GC invocations=119 (full 4):
 PSYoungGen      total 677888K, used 4608K [0x00000000d6580000, 0x0000000100000000, 0x0000000100000000)
  eden space 673280K, 0% used [0x00000000d6580000,0x00000000d6580000,0x00000000ff700000)
  from space 4608K, 100% used [0x00000000ff700000,0x00000000ffb80000,0x00000000ffb80000)
  to   space 4608K, 0% used [0x00000000ffb80000,0x00000000ffb80000,0x0000000100000000)
 ParOldGen       total 134144K, used 127180K [0x0000000083000000, 0x000000008b300000, 0x00000000d6580000)
  object space 134144K, 94% used [0x0000000083000000,0x000000008ac330a0,0x000000008b300000)
 Metaspace       used 19829K, capacity 22009K, committed 22144K, reserved 1067008K
  class space    used 4377K, capacity 5170K, committed 5248K, reserved 1048576K
}
Event: 521.032 GC heap before
{Heap before GC invocations=120 (full 4):
 PSYoungGen      total 677888K, used 677888K [0x00000000d6580000, 0x0000000100000000, 0x0000000100000000)
  eden space 673280K, 100% used [0x00000000d6580000,0x00000000ff700000,0x00000000ff700000)
  from space 4608K, 100% used [0x00000000ff700000,0x00000000ffb80000,0x00000000ffb80000)
  to   space 4608K, 0% used [0x00000000ffb80000,0x00000000ffb80000,0x0000000100000000)
 ParOldGen       total 134144K, used 127180K [0x0000000083000000, 0x000000008b300000, 0x00000000d6580000)
  object space 134144K, 94% used [0x0000000083000000,0x000000008ac330a0,0x000000008b300000)
 Metaspace       used 19829K, capacity 22009K, committed 22144K, reserved 1067008K
  class space    used 4377K, capacity 5170K, committed 5248K, reserved 1048576K
Event: 521.055 GC heap after
Heap after GC invocations=120 (full 4):
 PSYoungGen      total 674816K, used 4608K [0x00000000d6580000, 0x0000000100000000, 0x0000000100000000)
  eden space 670208K, 0% used [0x00000000d6580000,0x00000000d6580000,0x00000000ff400000)
  from space 4608K, 100% used [0x00000000ffb80000,0x0000000100000000,0x0000000100000000)
  to   space 6144K, 0% used [0x00000000ff400000,0x00000000ff400000,0x00000000ffa00000)
 ParOldGen       total 134144K, used 127588K [0x0000000083000000, 0x000000008b300000, 0x00000000d6580000)
  object space 134144K, 95% used [0x0000000083000000,0x000000008ac990a0,0x000000008b300000)
 Metaspace       used 19829K, capacity 22009K, committed 22144K, reserved 1067008K
  class space    used 4377K, capacity 5170K, committed 5248K, reserved 1048576K
}
Event: 523.127 GC heap before
{Heap before GC invocations=121 (full 4):
 PSYoungGen      total 674816K, used 674816K [0x00000000d6580000, 0x0000000100000000, 0x0000000100000000)
  eden space 670208K, 100% used [0x00000000d6580000,0x00000000ff400000,0x00000000ff400000)
  from space 4608K, 100% used [0x00000000ffb80000,0x0000000100000000,0x0000000100000000)
  to   space 6144K, 0% used [0x00000000ff400000,0x00000000ff400000,0x00000000ffa00000)
 ParOldGen       total 134144K, used 127588K [0x0000000083000000, 0x000000008b300000, 0x00000000d6580000)
  object space 134144K, 95% used [0x0000000083000000,0x000000008ac990a0,0x000000008b300000)
 Metaspace       used 19831K, capacity 22009K, committed 22144K, reserved 1067008K
  class space    used 4377K, capacity 5170K, committed 5248K, reserved 1048576K
Event: 523.146 GC heap after
Heap after GC invocations=121 (full 4):
 PSYoungGen      total 674816K, used 4608K [0x00000000d6580000, 0x0000000100000000, 0x0000000100000000)
  eden space 670208K, 0% used [0x00000000d6580000,0x00000000d6580000,0x00000000ff400000)
  from space 4608K, 100% used [0x00000000ff400000,0x00000000ff880000,0x00000000ff880000)
  to   space 6656K, 0% used [0x00000000ff980000,0x00000000ff980000,0x0000000100000000)
 ParOldGen       total 134144K, used 127836K [0x0000000083000000, 0x000000008b300000, 0x00000000d6580000)
  object space 134144K, 95% used [0x0000000083000000,0x000000008acd70a0,0x000000008b300000)
 Metaspace       used 19831K, capacity 22009K, committed 22144K, reserved 1067008K
  class space    used 4377K, capacity 5170K, committed 5248K, reserved 1048576K
}
Event: 525.761 GC heap before
{Heap before GC invocations=122 (full 4):
 PSYoungGen      total 674816K, used 674816K [0x00000000d6580000, 0x0000000100000000, 0x0000000100000000)
  eden space 670208K, 100% used [0x00000000d6580000,0x00000000ff400000,0x00000000ff400000)
  from space 4608K, 100% used [0x00000000ff400000,0x00000000ff880000,0x00000000ff880000)
  to   space 6656K, 0% used [0x00000000ff980000,0x00000000ff980000,0x0000000100000000)
 ParOldGen       total 134144K, used 127836K [0x0000000083000000, 0x000000008b300000, 0x00000000d6580000)
  object space 134144K, 95% used [0x0000000083000000,0x000000008acd70a0,0x000000008b300000)
 Metaspace       used 19833K, capacity 22013K, committed 22144K, reserved 1067008K
  class space    used 4377K, capacity 5170K, committed 5248K, reserved 1048576K
Event: 525.780 GC heap after
Heap after GC invocations=122 (full 4):
 PSYoungGen      total 675840K, used 4576K [0x00000000d6580000, 0x0000000100000000, 0x0000000100000000)
  eden space 669184K, 0% used [0x00000000d6580000,0x00000000d6580000,0x00000000ff300000)
  from space 6656K, 68% used [0x00000000ff980000,0x00000000ffdf8000,0x0000000100000000)
  to   space 6656K, 0% used [0x00000000ff300000,0x00000000ff300000,0x00000000ff980000)
 ParOldGen       total 134144K, used 127836K [0x0000000083000000, 0x000000008b300000, 0x00000000d6580000)
  object space 134144K, 95% used [0x0000000083000000,0x000000008acd70a0,0x000000008b300000)
 Metaspace       used 19833K, capacity 22013K, committed 22144K, reserved 1067008K
  class space    used 4377K, capacity 5170K, committed 5248K, reserved 1048576K
}
Event: 529.230 GC heap before
{Heap before GC invocations=123 (full 4):
 PSYoungGen      total 675840K, used 673760K [0x00000000d6580000, 0x0000000100000000, 0x0000000100000000)
  eden space 669184K, 100% used [0x00000000d6580000,0x00000000ff300000,0x00000000ff300000)
  from space 6656K, 68% used [0x00000000ff980000,0x00000000ffdf8000,0x0000000100000000)
  to   space 6656K, 0% used [0x00000000ff300000,0x00000000ff300000,0x00000000ff980000)
 ParOldGen       total 134144K, used 127836K [0x0000000083000000, 0x000000008b300000, 0x00000000d6580000)
  object space 134144K, 95% used [0x0000000083000000,0x000000008acd70a0,0x000000008b300000)
 Metaspace       used 19833K, capacity 22013K, committed 22144K, reserved 1067008K
  class space    used 4377K, capacity 5170K, committed 5248K, reserved 1048576K
Event: 529.250 GC heap after
Heap after GC invocations=123 (full 4):
 PSYoungGen      total 675840K, used 4576K [0x00000000d6580000, 0x0000000100000000, 0x0000000100000000)
  eden space 669184K, 0% used [0x00000000d6580000,0x00000000d6580000,0x00000000ff300000)
  from space 6656K, 68% used [0x00000000ff300000,0x00000000ff778000,0x00000000ff980000)
  to   space 6656K, 0% used [0x00000000ff980000,0x00000000ff980000,0x0000000100000000)
 ParOldGen       total 134144K, used 127836K [0x0000000083000000, 0x000000008b300000, 0x00000000d6580000)
  object space 134144K, 95% used [0x0000000083000000,0x000000008acd70a0,0x000000008b300000)
 Metaspace       used 19833K, capacity 22013K, committed 22144K, reserved 1067008K
  class space    used 4377K, capacity 5170K, committed 5248K, reserved 1048576K
}

